This file contains any messages produced by compilers while
running configure, to aid debugging if configure makes a mistake.

It was created by gtksourceview configure 3.19.1, which was
generated by GNU Autoconf 2.69.  Invocation command line was

  $ ./configure --prefix=/usr --sysconfdir=/etc --libexecdir=/usr/libexec --libdir=/usr/lib64 --enable-gtk-doc --disable-debug --disable-nls --disable-static

## --------- ##
## Platform. ##
## --------- ##

hostname = LFSHal
uname -m = x86_64
uname -r = 4.2.0
uname -s = Linux
uname -v = #1 SMP PREEMPT Fri Dec 18 16:08:43 GMT 2015

/usr/bin/uname -p = unknown
/bin/uname -X     = unknown

/bin/arch              = unknown
/usr/bin/arch -k       = unknown
/usr/convex/getsysinfo = unknown
/usr/bin/hostinfo      = unknown
/bin/machine           = unknown
/usr/bin/oslevel       = unknown
/bin/universe          = unknown

PATH: /home/keithhedger/Scripts
PATH: /usr/bin
PATH: /usr/local/bin
PATH: /usr/local/scripts
PATH: /bin/
PATH: /usr/sbin
PATH: /sbin
PATH: /media/LinuxData/Development/x86-linux64-cross-arm-linux-hardfp/bin
PATH: /media/LinuxData/Development/local/bin
PATH: /media/LinuxData/Development/local/usr/bin
PATH: /home/keithhedger/Scripts
PATH: /usr/bin
PATH: /usr/local/bin
PATH: /usr/local/scripts
PATH: /bin/
PATH: /usr/sbin
PATH: /sbin
PATH: /media/LinuxData/Development/x86-linux64-cross-arm-linux-hardfp/bin
PATH: /media/LinuxData/Development/local/bin
PATH: /media/LinuxData/Development/local/usr/bin
PATH: /bin
PATH: /usr/bin
PATH: /opt/jdk/bin
PATH: /opt/jdk/bin


## ----------- ##
## Core tests. ##
## ----------- ##

configure:2479: checking for a BSD-compatible install
configure:2547: result: /usr/bin/install -c
configure:2558: checking whether build environment is sane
configure:2613: result: yes
configure:2764: checking for a thread-safe mkdir -p
configure:2803: result: /bin//mkdir -p
configure:2810: checking for gawk
configure:2826: found /usr/bin/gawk
configure:2837: result: gawk
configure:2848: checking whether make sets $(MAKE)
configure:2870: result: yes
configure:2899: checking whether make supports nested variables
configure:2916: result: yes
configure:3005: checking whether UID '1000' is supported by ustar format
configure:3008: result: yes
configure:3015: checking whether GID '1000' is supported by ustar format
configure:3018: result: yes
configure:3026: checking how to create a ustar tar archive
configure:3037: tar --version
tar (GNU tar) 1.28
Copyright (C) 2014 Free Software Foundation, Inc.
License GPLv3+: GNU GPL version 3 or later <http://gnu.org/licenses/gpl.html>.
This is free software: you are free to change and redistribute it.
There is NO WARRANTY, to the extent permitted by law.

Written by John Gilmore and Jay Fenlason.
configure:3040: $? = 0
configure:3080: tardir=conftest.dir && eval tar --format=ustar -chf - "$tardir" >conftest.tar
configure:3083: $? = 0
configure:3087: tar -xf - <conftest.tar
configure:3090: $? = 0
configure:3092: cat conftest.dir/file
GrepMe
configure:3095: $? = 0
configure:3108: result: gnutar
configure:3159: checking whether to enable maintainer-specific portions of Makefiles
configure:3168: result: yes
configure:3193: checking whether make supports nested variables
configure:3210: result: yes
configure:3271: checking for gcc
configure:3287: found /home/keithhedger/Scripts/gcc
configure:3298: result: gcc
configure:3527: checking for C compiler version
configure:3536: gcc --version >&5
gcc (GCC) 5.2.0
Copyright (C) 2015 Free Software Foundation, Inc.
This is free software; see the source for copying conditions.  There is NO
warranty; not even for MERCHANTABILITY or FITNESS FOR A PARTICULAR PURPOSE.

configure:3547: $? = 0
configure:3536: gcc -v >&5
Using built-in specs.
COLLECT_GCC=/usr/bin/gcc
COLLECT_LTO_WRAPPER=/usr/lib/gcc/x86_64-unknown-linux-gnu/5.2.0/lto-wrapper
Target: x86_64-unknown-linux-gnu
Configured with: ../gcc-5.2.0/configure --prefix=/usr --libdir=/usr/lib64 --libexecdir=/usr/lib --enable-shared --enable-threads=posix --enable-__cxa_atexit --enable-clocale=gnu --enable-languages=c,c++,objc,obj-c++ --disable-multilib --disable-bootstrap --with-system-zlib
Thread model: posix
gcc version 5.2.0 (GCC) 
configure:3547: $? = 0
configure:3536: gcc -V >&5
gcc: error: unrecognized command line option '-V'
gcc: fatal error: no input files
compilation terminated.
configure:3547: $? = 1
configure:3536: gcc -qversion >&5
gcc: error: unrecognized command line option '-qversion'
gcc: fatal error: no input files
compilation terminated.
configure:3547: $? = 1
configure:3567: checking whether the C compiler works
configure:3589: gcc -O2 -fPIC   conftest.c  >&5
configure:3593: $? = 0
configure:3641: result: yes
configure:3644: checking for C compiler default output file name
configure:3646: result: a.out
configure:3652: checking for suffix of executables
configure:3659: gcc -o conftest -O2 -fPIC   conftest.c  >&5
configure:3663: $? = 0
configure:3685: result: 
configure:3707: checking whether we are cross compiling
configure:3715: gcc -o conftest -O2 -fPIC   conftest.c  >&5
configure:3719: $? = 0
configure:3726: ./conftest
configure:3730: $? = 0
configure:3745: result: no
configure:3750: checking for suffix of object files
configure:3772: gcc -c -O2 -fPIC  conftest.c >&5
configure:3776: $? = 0
configure:3797: result: o
configure:3801: checking whether we are using the GNU C compiler
configure:3820: gcc -c -O2 -fPIC  conftest.c >&5
configure:3820: $? = 0
configure:3829: result: yes
configure:3838: checking whether gcc accepts -g
configure:3858: gcc -c -g  conftest.c >&5
configure:3858: $? = 0
configure:3899: result: yes
configure:3916: checking for gcc option to accept ISO C89
configure:3979: gcc  -c -O2 -fPIC  conftest.c >&5
configure:3979: $? = 0
configure:3992: result: none needed
configure:4017: checking whether gcc understands -c and -o together
configure:4039: gcc -c conftest.c -o conftest2.o
configure:4042: $? = 0
configure:4039: gcc -c conftest.c -o conftest2.o
configure:4042: $? = 0
configure:4054: result: yes
configure:4082: checking for style of include used by make
configure:4110: result: GNU
configure:4136: checking dependency style of gcc
configure:4247: result: gcc3
configure:4322: checking for pkg-config
configure:4340: found /usr/bin/pkg-config
configure:4352: result: /usr/bin/pkg-config
configure:4377: checking pkg-config is at least version 0.9.0
configure:4380: result: yes
configure:4435: checking build system type
configure:4449: result: x86_64-unknown-linux-gnu
configure:4469: checking host system type
configure:4482: result: x86_64-unknown-linux-gnu
configure:4523: checking how to print strings
configure:4550: result: printf
configure:4571: checking for a sed that does not truncate output
configure:4635: result: /bin//sed
configure:4653: checking for grep that handles long lines and -e
configure:4711: result: /bin//grep
configure:4716: checking for egrep
configure:4778: result: /bin//grep -E
configure:4783: checking for fgrep
configure:4845: result: /bin//grep -F
configure:4880: checking for ld used by gcc
configure:4947: result: /usr/bin/ld
configure:4954: checking if the linker (/usr/bin/ld) is GNU ld
configure:4969: result: yes
configure:4981: checking for BSD- or MS-compatible name lister (nm)
configure:5035: result: /usr/bin/nm -B
configure:5165: checking the name lister (/usr/bin/nm -B) interface
configure:5172: gcc -c -O2 -fPIC  conftest.c >&5
configure:5175: /usr/bin/nm -B "conftest.o"
configure:5178: output
0000000000000000 B some_variable
configure:5185: result: BSD nm
configure:5188: checking whether ln -s works
configure:5192: result: yes
configure:5200: checking the maximum length of command line arguments
configure:5331: result: 1572864
configure:5379: checking how to convert x86_64-unknown-linux-gnu file names to x86_64-unknown-linux-gnu format
configure:5419: result: func_convert_file_noop
configure:5426: checking how to convert x86_64-unknown-linux-gnu file names to toolchain format
configure:5446: result: func_convert_file_noop
configure:5453: checking for /usr/bin/ld option to reload object files
configure:5460: result: -r
configure:5534: checking for objdump
configure:5550: found /usr/bin/objdump
configure:5561: result: objdump
configure:5593: checking how to recognize dependent libraries
configure:5793: result: pass_all
configure:5878: checking for dlltool
configure:5908: result: no
configure:5938: checking how to associate runtime and link libraries
configure:5965: result: printf %s\n
configure:6026: checking for ar
configure:6042: found /usr/bin/ar
configure:6053: result: ar
configure:6090: checking for archiver @FILE support
configure:6107: gcc -c -O2 -fPIC  conftest.c >&5
configure:6107: $? = 0
configure:6110: ar cru libconftest.a @conftest.lst >&5
configure:6113: $? = 0
configure:6118: ar cru libconftest.a @conftest.lst >&5
ar: conftest.o: No such file or directory
configure:6121: $? = 1
configure:6133: result: @
configure:6191: checking for strip
configure:6207: found /usr/bin/strip
configure:6218: result: strip
configure:6290: checking for ranlib
configure:6306: found /usr/bin/ranlib
configure:6317: result: ranlib
configure:6419: checking command to parse /usr/bin/nm -B output from gcc object
configure:6572: gcc -c -O2 -fPIC  conftest.c >&5
configure:6575: $? = 0
configure:6579: /usr/bin/nm -B conftest.o \| sed -n -e 's/^.*[ ]\([ABCDGIRSTW][ABCDGIRSTW]*\)[ ][ ]*\([_A-Za-z][_A-Za-z0-9]*\)$/\1 \2 \2/p' | sed '/ __gnu_lto/d' \> conftest.nm
configure:6582: $? = 0
configure:6648: gcc -o conftest -O2 -fPIC   conftest.c conftstm.o >&5
configure:6651: $? = 0
configure:6689: result: ok
configure:6736: checking for sysroot
configure:6766: result: no
configure:6773: checking for a working dd
configure:6811: result: /bin//dd
configure:6815: checking how to truncate binary pipes
configure:6830: result: /bin//dd bs=4096 count=1
configure:6966: gcc -c -O2 -fPIC  conftest.c >&5
configure:6969: $? = 0
configure:7159: checking for mt
configure:7175: found /bin//mt
configure:7186: result: mt
configure:7209: checking if mt is a manifest tool
configure:7215: mt '-?'
configure:7223: result: no
configure:7900: checking how to run the C preprocessor
configure:7931: gcc -E  conftest.c
configure:7931: $? = 0
configure:7945: gcc -E  conftest.c
conftest.c:11:28: fatal error: ac_nonexistent.h: No such file or directory
compilation terminated.
configure:7945: $? = 1
configure: failed program was:
| /* confdefs.h */
| #define PACKAGE_NAME "gtksourceview"
| #define PACKAGE_TARNAME "gtksourceview"
| #define PACKAGE_VERSION "3.19.1"
| #define PACKAGE_STRING "gtksourceview 3.19.1"
| #define PACKAGE_BUGREPORT "http://bugzilla.gnome.org/enter_bug.cgi?product=gtksourceview"
| #define PACKAGE_URL "https://wiki.gnome.org/Projects/GtkSourceView"
| #define PACKAGE "gtksourceview"
| #define VERSION "3.19.1"
| /* end confdefs.h.  */
| #include <ac_nonexistent.h>
configure:7970: result: gcc -E
configure:7990: gcc -E  conftest.c
configure:7990: $? = 0
configure:8004: gcc -E  conftest.c
conftest.c:11:28: fatal error: ac_nonexistent.h: No such file or directory
compilation terminated.
configure:8004: $? = 1
configure: failed program was:
| /* confdefs.h */
| #define PACKAGE_NAME "gtksourceview"
| #define PACKAGE_TARNAME "gtksourceview"
| #define PACKAGE_VERSION "3.19.1"
| #define PACKAGE_STRING "gtksourceview 3.19.1"
| #define PACKAGE_BUGREPORT "http://bugzilla.gnome.org/enter_bug.cgi?product=gtksourceview"
| #define PACKAGE_URL "https://wiki.gnome.org/Projects/GtkSourceView"
| #define PACKAGE "gtksourceview"
| #define VERSION "3.19.1"
| /* end confdefs.h.  */
| #include <ac_nonexistent.h>
configure:8033: checking for ANSI C header files
configure:8053: gcc -c -O2 -fPIC  conftest.c >&5
configure:8053: $? = 0
configure:8126: gcc -o conftest -O2 -fPIC   conftest.c  >&5
configure:8126: $? = 0
configure:8126: ./conftest
configure:8126: $? = 0
configure:8137: result: yes
configure:8150: checking for sys/types.h
configure:8150: gcc -c -O2 -fPIC  conftest.c >&5
configure:8150: $? = 0
configure:8150: result: yes
configure:8150: checking for sys/stat.h
configure:8150: gcc -c -O2 -fPIC  conftest.c >&5
configure:8150: $? = 0
configure:8150: result: yes
configure:8150: checking for stdlib.h
configure:8150: gcc -c -O2 -fPIC  conftest.c >&5
configure:8150: $? = 0
configure:8150: result: yes
configure:8150: checking for string.h
configure:8150: gcc -c -O2 -fPIC  conftest.c >&5
configure:8150: $? = 0
configure:8150: result: yes
configure:8150: checking for memory.h
configure:8150: gcc -c -O2 -fPIC  conftest.c >&5
configure:8150: $? = 0
configure:8150: result: yes
configure:8150: checking for strings.h
configure:8150: gcc -c -O2 -fPIC  conftest.c >&5
configure:8150: $? = 0
configure:8150: result: yes
configure:8150: checking for inttypes.h
configure:8150: gcc -c -O2 -fPIC  conftest.c >&5
configure:8150: $? = 0
configure:8150: result: yes
configure:8150: checking for stdint.h
configure:8150: gcc -c -O2 -fPIC  conftest.c >&5
configure:8150: $? = 0
configure:8150: result: yes
configure:8150: checking for unistd.h
configure:8150: gcc -c -O2 -fPIC  conftest.c >&5
configure:8150: $? = 0
configure:8150: result: yes
configure:8164: checking for dlfcn.h
configure:8164: gcc -c -O2 -fPIC  conftest.c >&5
configure:8164: $? = 0
configure:8164: result: yes
configure:8419: checking for objdir
configure:8434: result: .libs
configure:8698: checking if gcc supports -fno-rtti -fno-exceptions
configure:8716: gcc -c -O2 -fPIC  -fno-rtti -fno-exceptions conftest.c >&5
cc1: warning: command line option '-fno-rtti' is valid for C++/ObjC++ but not for C
configure:8720: $? = 0
configure:8733: result: no
configure:9091: checking for gcc option to produce PIC
configure:9098: result: -fPIC -DPIC
configure:9106: checking if gcc PIC flag -fPIC -DPIC works
configure:9124: gcc -c -O2 -fPIC  -fPIC -DPIC -DPIC conftest.c >&5
configure:9128: $? = 0
configure:9141: result: yes
configure:9170: checking if gcc static flag -static works
configure:9198: result: yes
configure:9213: checking if gcc supports -c -o file.o
configure:9234: gcc -c -O2 -fPIC  -o out/conftest2.o conftest.c >&5
configure:9238: $? = 0
configure:9260: result: yes
configure:9268: checking if gcc supports -c -o file.o
configure:9315: result: yes
configure:9348: checking whether the gcc linker (/usr/bin/ld -m elf_x86_64) supports shared libraries
configure:10607: result: yes
configure:10644: checking whether -lc should be explicitly linked in
configure:10652: gcc -c -O2 -fPIC  conftest.c >&5
configure:10655: $? = 0
configure:10670: gcc -shared  -fPIC -DPIC conftest.o  -v -Wl,-soname -Wl,conftest -o conftest 2\>\&1 \| /bin//grep  -lc  \>/dev/null 2\>\&1
configure:10673: $? = 0
configure:10687: result: no
configure:10847: checking dynamic linker characteristics
configure:11428: gcc -o conftest -O2 -fPIC   -Wl,-rpath -Wl,/foo conftest.c  >&5
configure:11428: $? = 0
configure:11668: result: GNU/Linux ld.so
configure:11790: checking how to hardcode library paths into programs
configure:11815: result: immediate
configure:12363: checking whether stripping libraries is possible
configure:12368: result: yes
configure:12403: checking if libtool supports shared libraries
configure:12405: result: yes
configure:12408: checking whether to build shared libraries
configure:12433: result: yes
configure:12436: checking whether to build static libraries
configure:12440: result: no
configure:12481: checking for unistd.h
configure:12481: result: yes
configure:12495: checking for glib-mkenums
configure:12513: found /usr/bin/glib-mkenums
configure:12525: result: /usr/bin/glib-mkenums
configure:12535: checking for glib-compile-resources
configure:12553: found /usr/bin/glib-compile-resources
configure:12565: result: /usr/bin/glib-compile-resources
configure:12575: checking for itstool
configure:12593: found /usr/bin/itstool
configure:12605: result: /usr/bin/itstool
configure:12685: checking whether C compiler accepts -Werror=unknown-warning-option
configure:12704: gcc -c -O2 -fPIC  -Werror=unknown-warning-option  conftest.c >&5
cc1: error: -Werror=unknown-warning-option: no option -Wunknown-warning-option
configure:12704: $? = 1
configure: failed program was:
| /* confdefs.h */
| #define PACKAGE_NAME "gtksourceview"
| #define PACKAGE_TARNAME "gtksourceview"
| #define PACKAGE_VERSION "3.19.1"
| #define PACKAGE_STRING "gtksourceview 3.19.1"
| #define PACKAGE_BUGREPORT "http://bugzilla.gnome.org/enter_bug.cgi?product=gtksourceview"
| #define PACKAGE_URL "https://wiki.gnome.org/Projects/GtkSourceView"
| #define PACKAGE "gtksourceview"
| #define VERSION "3.19.1"
| #define STDC_HEADERS 1
| #define HAVE_SYS_TYPES_H 1
| #define HAVE_SYS_STAT_H 1
| #define HAVE_STDLIB_H 1
| #define HAVE_STRING_H 1
| #define HAVE_MEMORY_H 1
| #define HAVE_STRINGS_H 1
| #define HAVE_INTTYPES_H 1
| #define HAVE_STDINT_H 1
| #define HAVE_UNISTD_H 1
| #define HAVE_DLFCN_H 1
| #define LT_OBJDIR ".libs/"
| #define HAVE_UNISTD_H 1
| /* end confdefs.h.  */
| 
| int
| main ()
| {
| 
|   ;
|   return 0;
| }
configure:12712: result: no
configure:12732: checking whether C compiler accepts -fno-strict-aliasing
configure:12751: gcc -c -O2 -fPIC  -fno-strict-aliasing  conftest.c >&5
configure:12751: $? = 0
configure:12760: result: yes
configure:12787: : WARN_CFLAGS="$WARN_CFLAGS"
configure:12790: $? = 0
configure:12811: checking whether C compiler accepts -Wall
configure:12830: gcc -c -O2 -fPIC  -Wall  conftest.c >&5
configure:12830: $? = 0
configure:12839: result: yes
configure:12855: : WARN_CFLAGS="$WARN_CFLAGS"
configure:12858: $? = 0
configure:12811: checking whether C compiler accepts -Wextra
configure:12830: gcc -c -O2 -fPIC  -Wextra  conftest.c >&5
configure:12830: $? = 0
configure:12839: result: yes
configure:12855: : WARN_CFLAGS="$WARN_CFLAGS"
configure:12858: $? = 0
configure:12811: checking whether C compiler accepts -Wundef
configure:12830: gcc -c -O2 -fPIC  -Wundef  conftest.c >&5
configure:12830: $? = 0
configure:12839: result: yes
configure:12855: : WARN_CFLAGS="$WARN_CFLAGS"
configure:12858: $? = 0
configure:12811: checking whether C compiler accepts -Wnested-externs
configure:12830: gcc -c -O2 -fPIC  -Wnested-externs  conftest.c >&5
configure:12830: $? = 0
configure:12839: result: yes
configure:12855: : WARN_CFLAGS="$WARN_CFLAGS"
configure:12858: $? = 0
configure:12811: checking whether C compiler accepts -Wwrite-strings
configure:12830: gcc -c -O2 -fPIC  -Wwrite-strings  conftest.c >&5
configure:12830: $? = 0
configure:12839: result: yes
configure:12855: : WARN_CFLAGS="$WARN_CFLAGS"
configure:12858: $? = 0
configure:12811: checking whether C compiler accepts -Wpointer-arith
configure:12830: gcc -c -O2 -fPIC  -Wpointer-arith  conftest.c >&5
configure:12830: $? = 0
configure:12839: result: yes
configure:12855: : WARN_CFLAGS="$WARN_CFLAGS"
configure:12858: $? = 0
configure:12811: checking whether C compiler accepts -Wmissing-declarations
configure:12830: gcc -c -O2 -fPIC  -Wmissing-declarations  conftest.c >&5
configure:12830: $? = 0
configure:12839: result: yes
configure:12855: : WARN_CFLAGS="$WARN_CFLAGS"
configure:12858: $? = 0
configure:12811: checking whether C compiler accepts -Wmissing-prototypes
configure:12830: gcc -c -O2 -fPIC  -Wmissing-prototypes  conftest.c >&5
configure:12830: $? = 0
configure:12839: result: yes
configure:12855: : WARN_CFLAGS="$WARN_CFLAGS"
configure:12858: $? = 0
configure:12811: checking whether C compiler accepts -Wstrict-prototypes
configure:12830: gcc -c -O2 -fPIC  -Wstrict-prototypes  conftest.c >&5
conftest.c:26:1: warning: function declaration isn't a prototype [-Wstrict-prototypes]
 main ()
 ^
configure:12830: $? = 0
configure:12839: result: yes
configure:12855: : WARN_CFLAGS="$WARN_CFLAGS"
configure:12858: $? = 0
configure:12811: checking whether C compiler accepts -Wredundant-decls
configure:12830: gcc -c -O2 -fPIC  -Wredundant-decls  conftest.c >&5
configure:12830: $? = 0
configure:12839: result: yes
configure:12855: : WARN_CFLAGS="$WARN_CFLAGS"
configure:12858: $? = 0
configure:12811: checking whether C compiler accepts -Wno-unused-parameter
configure:12830: gcc -c -O2 -fPIC  -Wno-unused-parameter  conftest.c >&5
configure:12830: $? = 0
configure:12839: result: yes
configure:12855: : WARN_CFLAGS="$WARN_CFLAGS"
configure:12858: $? = 0
configure:12811: checking whether C compiler accepts -Wno-missing-field-initializers
configure:12830: gcc -c -O2 -fPIC  -Wno-missing-field-initializers  conftest.c >&5
configure:12830: $? = 0
configure:12839: result: yes
configure:12855: : WARN_CFLAGS="$WARN_CFLAGS"
configure:12858: $? = 0
configure:12811: checking whether C compiler accepts -Wdeclaration-after-statement
configure:12830: gcc -c -O2 -fPIC  -Wdeclaration-after-statement  conftest.c >&5
configure:12830: $? = 0
configure:12839: result: yes
configure:12855: : WARN_CFLAGS="$WARN_CFLAGS"
configure:12858: $? = 0
configure:12811: checking whether C compiler accepts -Wformat=2
configure:12830: gcc -c -O2 -fPIC  -Wformat=2  conftest.c >&5
configure:12830: $? = 0
configure:12839: result: yes
configure:12855: : WARN_CFLAGS="$WARN_CFLAGS"
configure:12858: $? = 0
configure:12811: checking whether C compiler accepts -Wold-style-definition
configure:12830: gcc -c -O2 -fPIC  -Wold-style-definition  conftest.c >&5
conftest.c: In function 'main':
conftest.c:26:1: warning: old-style function definition [-Wold-style-definition]
 main ()
 ^
configure:12830: $? = 0
configure:12839: result: yes
configure:12855: : WARN_CFLAGS="$WARN_CFLAGS"
configure:12858: $? = 0
configure:12811: checking whether C compiler accepts -Wcast-align
configure:12830: gcc -c -O2 -fPIC  -Wcast-align  conftest.c >&5
configure:12830: $? = 0
configure:12839: result: yes
configure:12855: : WARN_CFLAGS="$WARN_CFLAGS"
configure:12858: $? = 0
configure:12811: checking whether C compiler accepts -Wformat-nonliteral
configure:12830: gcc -c -O2 -fPIC  -Wformat-nonliteral  conftest.c >&5
cc1: warning: -Wformat-nonliteral ignored without -Wformat [-Wformat-nonliteral]
configure:12830: $? = 0
configure:12839: result: yes
configure:12855: : WARN_CFLAGS="$WARN_CFLAGS"
configure:12858: $? = 0
configure:12811: checking whether C compiler accepts -Wformat-security
configure:12830: gcc -c -O2 -fPIC  -Wformat-security  conftest.c >&5
cc1: warning: -Wformat-security ignored without -Wformat [-Wformat-security]
configure:12830: $? = 0
configure:12839: result: yes
configure:12855: : WARN_CFLAGS="$WARN_CFLAGS"
configure:12858: $? = 0
configure:12811: checking whether C compiler accepts -Wsign-compare
configure:12830: gcc -c -O2 -fPIC  -Wsign-compare  conftest.c >&5
configure:12830: $? = 0
configure:12839: result: yes
configure:12855: : WARN_CFLAGS="$WARN_CFLAGS"
configure:12858: $? = 0
configure:12811: checking whether C compiler accepts -Wstrict-aliasing
configure:12830: gcc -c -O2 -fPIC  -Wstrict-aliasing  conftest.c >&5
configure:12830: $? = 0
configure:12839: result: yes
configure:12855: : WARN_CFLAGS="$WARN_CFLAGS"
configure:12858: $? = 0
configure:12811: checking whether C compiler accepts -Wshadow
configure:12830: gcc -c -O2 -fPIC  -Wshadow  conftest.c >&5
configure:12830: $? = 0
configure:12839: result: yes
configure:12855: : WARN_CFLAGS="$WARN_CFLAGS"
configure:12858: $? = 0
configure:12811: checking whether C compiler accepts -Winline
configure:12830: gcc -c -O2 -fPIC  -Winline  conftest.c >&5
configure:12830: $? = 0
configure:12839: result: yes
configure:12855: : WARN_CFLAGS="$WARN_CFLAGS"
configure:12858: $? = 0
configure:12811: checking whether C compiler accepts -Wpacked
configure:12830: gcc -c -O2 -fPIC  -Wpacked  conftest.c >&5
configure:12830: $? = 0
configure:12839: result: yes
configure:12855: : WARN_CFLAGS="$WARN_CFLAGS"
configure:12858: $? = 0
configure:12811: checking whether C compiler accepts -Wmissing-format-attribute
configure:12830: gcc -c -O2 -fPIC  -Wmissing-format-attribute  conftest.c >&5
configure:12830: $? = 0
configure:12839: result: yes
configure:12855: : WARN_CFLAGS="$WARN_CFLAGS"
configure:12858: $? = 0
configure:12811: checking whether C compiler accepts -Wmissing-noreturn
configure:12830: gcc -c -O2 -fPIC  -Wmissing-noreturn  conftest.c >&5
configure:12830: $? = 0
configure:12839: result: yes
configure:12855: : WARN_CFLAGS="$WARN_CFLAGS"
configure:12858: $? = 0
configure:12811: checking whether C compiler accepts -Winit-self
configure:12830: gcc -c -O2 -fPIC  -Winit-self  conftest.c >&5
configure:12830: $? = 0
configure:12839: result: yes
configure:12855: : WARN_CFLAGS="$WARN_CFLAGS"
configure:12858: $? = 0
configure:12811: checking whether C compiler accepts -Wredundant-decls
configure:12839: result: yes
configure:12847: : WARN_CFLAGS already contains $flag
configure:12850: $? = 0
configure:12811: checking whether C compiler accepts -Wmissing-include-dirs
configure:12830: gcc -c -O2 -fPIC  -Wmissing-include-dirs  conftest.c >&5
configure:12830: $? = 0
configure:12839: result: yes
configure:12855: : WARN_CFLAGS="$WARN_CFLAGS"
configure:12858: $? = 0
configure:12811: checking whether C compiler accepts -Wunused-but-set-variable
configure:12830: gcc -c -O2 -fPIC  -Wunused-but-set-variable  conftest.c >&5
configure:12830: $? = 0
configure:12839: result: yes
configure:12855: : WARN_CFLAGS="$WARN_CFLAGS"
configure:12858: $? = 0
configure:12811: checking whether C compiler accepts -Warray-bounds
configure:12830: gcc -c -O2 -fPIC  -Warray-bounds  conftest.c >&5
configure:12830: $? = 0
configure:12839: result: yes
configure:12855: : WARN_CFLAGS="$WARN_CFLAGS"
configure:12858: $? = 0
configure:12811: checking whether C compiler accepts -Wimplicit-function-declaration
configure:12830: gcc -c -O2 -fPIC  -Wimplicit-function-declaration  conftest.c >&5
configure:12830: $? = 0
configure:12839: result: yes
configure:12855: : WARN_CFLAGS="$WARN_CFLAGS"
configure:12858: $? = 0
configure:12811: checking whether C compiler accepts -Wreturn-type
configure:12830: gcc -c -O2 -fPIC  -Wreturn-type  conftest.c >&5
configure:12830: $? = 0
configure:12839: result: yes
configure:12855: : WARN_CFLAGS="$WARN_CFLAGS"
configure:12858: $? = 0
configure:12811: checking whether C compiler accepts -Wswitch-enum
configure:12830: gcc -c -O2 -fPIC  -Wswitch-enum  conftest.c >&5
configure:12830: $? = 0
configure:12839: result: yes
configure:12855: : WARN_CFLAGS="$WARN_CFLAGS"
configure:12858: $? = 0
configure:12811: checking whether C compiler accepts -Wswitch-default
configure:12830: gcc -c -O2 -fPIC  -Wswitch-default  conftest.c >&5
configure:12830: $? = 0
configure:12839: result: yes
configure:12855: : WARN_CFLAGS="$WARN_CFLAGS"
configure:12858: $? = 0
configure:13016: checking whether C compiler accepts -Wno-error=unused-parameter
configure:13035: gcc -c -O2 -fPIC  -Wno-error=unused-parameter  conftest.c >&5
configure:13035: $? = 0
configure:13044: result: yes
configure:13060: : WARN_CFLAGS="$WARN_CFLAGS"
configure:13063: $? = 0
configure:13016: checking whether C compiler accepts -Wno-error=missing-field-initializers
configure:13035: gcc -c -O2 -fPIC  -Wno-error=missing-field-initializers  conftest.c >&5
configure:13035: $? = 0
configure:13044: result: yes
configure:13060: : WARN_CFLAGS="$WARN_CFLAGS"
configure:13063: $? = 0
configure:13118: checking whether C compiler accepts -Werror=unknown-warning-option
configure:13145: result: no
configure:13165: checking whether the linker accepts -Wl,--no-as-needed
configure:13184: gcc -o conftest -O2 -fPIC    -Wl,--no-as-needed conftest.c  >&5
configure:13184: $? = 0
configure:13194: result: yes
configure:13221: : WARN_LDFLAGS="$WARN_LDFLAGS"
configure:13224: $? = 0
configure:13438: : WARN_SCANNERFLAGS="$WARN_SCANNERFLAGS"
configure:13441: $? = 0
configure:13463: : WARN_SCANNERFLAGS="$WARN_SCANNERFLAGS"
configure:13466: $? = 0
configure:13556: checking for DEP
configure:13563: $PKG_CONFIG --exists --print-errors "glib-2.0 >= $glib_req  gio-2.0 >= $glib_req  gtk+-3.0 >= $gtk_req libxml-2.0 >= $libxml_req"
Requested 'glib-2.0 >= 2.47.0' but version of GLib is 2.44.1
Requested 'gio-2.0 >= 2.47.0' but version of GIO is 2.44.1
Requested 'gtk+-3.0 >= 3.19.0' but version of GTK+ is 3.16.6
configure:13566: $? = 1
configure:13580: $PKG_CONFIG --exists --print-errors "glib-2.0 >= $glib_req  gio-2.0 >= $glib_req  gtk+-3.0 >= $gtk_req libxml-2.0 >= $libxml_req"
Requested 'glib-2.0 >= 2.47.0' but version of GLib is 2.44.1
Requested 'gio-2.0 >= 2.47.0' but version of GIO is 2.44.1
Requested 'gtk+-3.0 >= 3.19.0' but version of GTK+ is 3.16.6
configure:13583: $? = 1
configure:13597: result: no
Requested 'glib-2.0 >= 2.47.0' but version of GLib is 2.44.1
Requested 'gio-2.0 >= 2.47.0' but version of GIO is 2.44.1
Requested 'gtk+-3.0 >= 3.19.0' but version of GTK+ is 3.16.6
configure:13613: error: Package requirements (glib-2.0 >= 2.47.0  gio-2.0 >= 2.47.0  gtk+-3.0 >= 3.19.0 libxml-2.0 >= 2.6.0) were not met:

Requested 'glib-2.0 >= 2.47.0' but version of GLib is 2.44.1
Requested 'gio-2.0 >= 2.47.0' but version of GIO is 2.44.1
Requested 'gtk+-3.0 >= 3.19.0' but version of GTK+ is 3.16.6

Consider adjusting the PKG_CONFIG_PATH environment variable if you
installed software in a non-standard prefix.

Alternatively, you may set the environment variables DEP_CFLAGS
and DEP_LIBS to avoid the need to call pkg-config.
See the pkg-config man page for more details.

## ---------------- ##
## Cache variables. ##
## ---------------- ##

ac_cv_build=x86_64-unknown-linux-gnu
ac_cv_c_compiler_gnu=yes
ac_cv_env_CC_set=
ac_cv_env_CC_value=
ac_cv_env_CFLAGS_set=set
ac_cv_env_CFLAGS_value='-O2 -fPIC'
ac_cv_env_CPPFLAGS_set=
ac_cv_env_CPPFLAGS_value=
ac_cv_env_CPP_set=
ac_cv_env_CPP_value=
ac_cv_env_DEP_CFLAGS_set=
ac_cv_env_DEP_CFLAGS_value=
ac_cv_env_DEP_LIBS_set=
ac_cv_env_DEP_LIBS_value=
ac_cv_env_GLADE_CFLAGS_set=
ac_cv_env_GLADE_CFLAGS_value=
ac_cv_env_GLADE_LIBS_set=
ac_cv_env_GLADE_LIBS_value=
ac_cv_env_GTKDOC_DEPS_CFLAGS_set=
ac_cv_env_GTKDOC_DEPS_CFLAGS_value=
ac_cv_env_GTKDOC_DEPS_LIBS_set=
ac_cv_env_GTKDOC_DEPS_LIBS_value=
ac_cv_env_LDFLAGS_set=
ac_cv_env_LDFLAGS_value=
ac_cv_env_LIBS_set=
ac_cv_env_LIBS_value=
ac_cv_env_LT_SYS_LIBRARY_PATH_set=
ac_cv_env_LT_SYS_LIBRARY_PATH_value=
ac_cv_env_PKG_CONFIG_LIBDIR_set=
ac_cv_env_PKG_CONFIG_LIBDIR_value=
ac_cv_env_PKG_CONFIG_PATH_set=
ac_cv_env_PKG_CONFIG_PATH_value=
ac_cv_env_PKG_CONFIG_set=
ac_cv_env_PKG_CONFIG_value=
ac_cv_env_build_alias_set=
ac_cv_env_build_alias_value=
ac_cv_env_host_alias_set=
ac_cv_env_host_alias_value=
ac_cv_env_target_alias_set=
ac_cv_env_target_alias_value=
ac_cv_header_dlfcn_h=yes
ac_cv_header_inttypes_h=yes
ac_cv_header_memory_h=yes
ac_cv_header_stdc=yes
ac_cv_header_stdint_h=yes
ac_cv_header_stdlib_h=yes
ac_cv_header_string_h=yes
ac_cv_header_strings_h=yes
ac_cv_header_sys_stat_h=yes
ac_cv_header_sys_types_h=yes
ac_cv_header_unistd_h=yes
ac_cv_host=x86_64-unknown-linux-gnu
ac_cv_objext=o
ac_cv_path_EGREP='/bin//grep -E'
ac_cv_path_FGREP='/bin//grep -F'
ac_cv_path_GLIB_COMPILE_RESOURCES=/usr/bin/glib-compile-resources
ac_cv_path_GLIB_MKENUMS=/usr/bin/glib-mkenums
ac_cv_path_GREP=/bin//grep
ac_cv_path_ITSTOOL=/usr/bin/itstool
ac_cv_path_SED=/bin//sed
ac_cv_path_ac_pt_PKG_CONFIG=/usr/bin/pkg-config
ac_cv_path_install='/usr/bin/install -c'
ac_cv_path_lt_DD=/bin//dd
ac_cv_path_mkdir=/bin//mkdir
ac_cv_prog_AWK=gawk
ac_cv_prog_CPP='gcc -E'
ac_cv_prog_ac_ct_AR=ar
ac_cv_prog_ac_ct_CC=gcc
ac_cv_prog_ac_ct_MANIFEST_TOOL=mt
ac_cv_prog_ac_ct_OBJDUMP=objdump
ac_cv_prog_ac_ct_RANLIB=ranlib
ac_cv_prog_ac_ct_STRIP=strip
ac_cv_prog_cc_c89=
ac_cv_prog_cc_g=yes
ac_cv_prog_make_make_set=yes
am_cv_CC_dependencies_compiler_type=gcc3
am_cv_make_support_nested_variables=yes
am_cv_prog_cc_c_o=yes
am_cv_prog_tar_ustar=gnutar
ax_cv_check_cflags__Wall=yes
ax_cv_check_cflags__Warray_bounds=yes
ax_cv_check_cflags__Wcast_align=yes
ax_cv_check_cflags__Wdeclaration_after_statement=yes
ax_cv_check_cflags__Wextra=yes
ax_cv_check_cflags__Wformat_2=yes
ax_cv_check_cflags__Wformat_nonliteral=yes
ax_cv_check_cflags__Wformat_security=yes
ax_cv_check_cflags__Wimplicit_function_declaration=yes
ax_cv_check_cflags__Winit_self=yes
ax_cv_check_cflags__Winline=yes
ax_cv_check_cflags__Wmissing_declarations=yes
ax_cv_check_cflags__Wmissing_format_attribute=yes
ax_cv_check_cflags__Wmissing_include_dirs=yes
ax_cv_check_cflags__Wmissing_noreturn=yes
ax_cv_check_cflags__Wmissing_prototypes=yes
ax_cv_check_cflags__Wnested_externs=yes
ax_cv_check_cflags__Wno_error_missing_field_initializers=yes
ax_cv_check_cflags__Wno_error_unused_parameter=yes
ax_cv_check_cflags__Wno_missing_field_initializers=yes
ax_cv_check_cflags__Wno_unused_parameter=yes
ax_cv_check_cflags__Wold_style_definition=yes
ax_cv_check_cflags__Wpacked=yes
ax_cv_check_cflags__Wpointer_arith=yes
ax_cv_check_cflags__Wredundant_decls=yes
ax_cv_check_cflags__Wreturn_type=yes
ax_cv_check_cflags__Wshadow=yes
ax_cv_check_cflags__Wsign_compare=yes
ax_cv_check_cflags__Wstrict_aliasing=yes
ax_cv_check_cflags__Wstrict_prototypes=yes
ax_cv_check_cflags__Wswitch_default=yes
ax_cv_check_cflags__Wswitch_enum=yes
ax_cv_check_cflags__Wundef=yes
ax_cv_check_cflags__Wunused_but_set_variable=yes
ax_cv_check_cflags__Wwrite_strings=yes
ax_cv_check_cflags___Werror_unknown_warning_option=no
ax_cv_check_cflags__fno_strict_aliasing=yes
ax_cv_check_ldflags__Wl___no_as_needed=yes
lt_cv_ar_at_file=@
lt_cv_archive_cmds_need_lc=no
lt_cv_deplibs_check_method=pass_all
lt_cv_file_magic_cmd='$MAGIC_CMD'
lt_cv_file_magic_test_file=
lt_cv_ld_reload_flag=-r
lt_cv_nm_interface='BSD nm'
lt_cv_objdir=.libs
lt_cv_path_LD=/usr/bin/ld
lt_cv_path_NM='/usr/bin/nm -B'
lt_cv_path_mainfest_tool=no
lt_cv_prog_compiler_c_o=yes
lt_cv_prog_compiler_pic='-fPIC -DPIC'
lt_cv_prog_compiler_pic_works=yes
lt_cv_prog_compiler_rtti_exceptions=no
lt_cv_prog_compiler_static_works=yes
lt_cv_prog_gnu_ld=yes
lt_cv_sharedlib_from_linklib_cmd='printf %s\n'
lt_cv_shlibpath_overrides_runpath=no
lt_cv_sys_global_symbol_pipe='sed -n -e '\''s/^.*[	 ]\([ABCDGIRSTW][ABCDGIRSTW]*\)[	 ][	 ]*\([_A-Za-z][_A-Za-z0-9]*\)$/\1 \2 \2/p'\'' | sed '\''/ __gnu_lto/d'\'''
lt_cv_sys_global_symbol_to_c_name_address='sed -n -e '\''s/^: \(.*\) .*$/  {"\1", (void *) 0},/p'\'' -e '\''s/^[ABCDGIRSTW][ABCDGIRSTW]* .* \(.*\)$/  {"\1", (void *) \&\1},/p'\'''
lt_cv_sys_global_symbol_to_c_name_address_lib_prefix='sed -n -e '\''s/^: \(.*\) .*$/  {"\1", (void *) 0},/p'\'' -e '\''s/^[ABCDGIRSTW][ABCDGIRSTW]* .* \(lib.*\)$/  {"\1", (void *) \&\1},/p'\'' -e '\''s/^[ABCDGIRSTW][ABCDGIRSTW]* .* \(.*\)$/  {"lib\1", (void *) \&\1},/p'\'''
lt_cv_sys_global_symbol_to_cdecl='sed -n -e '\''s/^T .* \(.*\)$/extern int \1();/p'\'' -e '\''s/^[ABCDGIRSTW][ABCDGIRSTW]* .* \(.*\)$/extern char \1;/p'\'''
lt_cv_sys_global_symbol_to_import=
lt_cv_sys_max_cmd_len=1572864
lt_cv_to_host_file_cmd=func_convert_file_noop
lt_cv_to_tool_file_cmd=func_convert_file_noop
lt_cv_truncate_bin='/bin//dd bs=4096 count=1'

## ----------------- ##
## Output variables. ##
## ----------------- ##

ABS_TOP_SRCDIR=''
ACLOCAL='${SHELL} /media/LinuxData/Development64/GithubProjects/LFSPkgBuilds/LFSPkgBuildScripts/gtk/gtksourceview3/gtksourceview-3.19.1/missing aclocal-1.15'
AMDEPBACKSLASH='\'
AMDEP_FALSE='#'
AMDEP_TRUE=''
AMTAR='$${TAR-tar}'
AM_BACKSLASH='\'
AM_DEFAULT_V='$(AM_DEFAULT_VERBOSITY)'
AM_DEFAULT_VERBOSITY='0'
AM_V='$(V)'
AR='ar'
AUTOCONF='${SHELL} /media/LinuxData/Development64/GithubProjects/LFSPkgBuilds/LFSPkgBuildScripts/gtk/gtksourceview3/gtksourceview-3.19.1/missing autoconf'
AUTOHEADER='${SHELL} /media/LinuxData/Development64/GithubProjects/LFSPkgBuilds/LFSPkgBuildScripts/gtk/gtksourceview3/gtksourceview-3.19.1/missing autoheader'
AUTOMAKE='${SHELL} /media/LinuxData/Development64/GithubProjects/LFSPkgBuilds/LFSPkgBuildScripts/gtk/gtksourceview3/gtksourceview-3.19.1/missing automake-1.15'
AWK='gawk'
AX_PACKAGE_REQUIRES=' glib-2.0 >= 2.47.0  gio-2.0 >= 2.47.0  gtk+-3.0 >= 3.19.0'
AX_PACKAGE_REQUIRES_PRIVATE=' libxml-2.0 >= 2.6.0'
CC='gcc'
CCDEPMODE='depmode=gcc3'
CFLAGS='-O2 -fPIC'
CODE_COVERAGE_CFLAGS=''
CODE_COVERAGE_ENABLED=''
CODE_COVERAGE_ENABLED_FALSE=''
CODE_COVERAGE_ENABLED_TRUE=''
CODE_COVERAGE_LDFLAGS=''
CODE_COVERAGE_RULES=''
CPP='gcc -E'
CPPFLAGS=''
CYGPATH_W='echo'
DEFS=''
DEPDIR='.deps'
DEP_CFLAGS=''
DEP_LIBS=''
DISABLE_DEPRECATED_CFLAGS=''
DLLTOOL='false'
DSYMUTIL=''
DUMPBIN=''
ECHO_C=''
ECHO_N='-n'
ECHO_T=''
EGREP='/bin//grep -E'
ENABLE_GTK_DOC_FALSE=''
ENABLE_GTK_DOC_TRUE=''
ENABLE_PROVIDERS_FALSE=''
ENABLE_PROVIDERS_TRUE=''
ENABLE_VAPIGEN_FALSE=''
ENABLE_VAPIGEN_TRUE=''
EXEEXT=''
FGREP='/bin//grep -F'
GCOV=''
GDK_PIXBUF_PREFIX=''
GENHTML=''
GETTEXT_MACRO_VERSION=''
GETTEXT_PACKAGE=''
GLADE_CATALOG_DIR=''
GLADE_CATALOG_FALSE=''
GLADE_CATALOG_TRUE=''
GLADE_CFLAGS=''
GLADE_LIBS=''
GLIB_COMPILE_RESOURCES='/usr/bin/glib-compile-resources'
GLIB_MKENUMS='/usr/bin/glib-mkenums'
GLIB_PREFIX=''
GMSGFMT=''
GMSGFMT_015=''
GREP='/bin//grep'
GSV_LT_VERSION='6:0:5'
GTKDOC_CHECK=''
GTKDOC_CHECK_PATH=''
GTKDOC_DEPS_CFLAGS=''
GTKDOC_DEPS_LIBS=''
GTKDOC_MKPDF=''
GTKDOC_REBASE=''
GTK_DOC_BUILD_HTML_FALSE=''
GTK_DOC_BUILD_HTML_TRUE=''
GTK_DOC_BUILD_PDF_FALSE=''
GTK_DOC_BUILD_PDF_TRUE=''
GTK_DOC_USE_LIBTOOL_FALSE=''
GTK_DOC_USE_LIBTOOL_TRUE=''
GTK_DOC_USE_REBASE_FALSE=''
GTK_DOC_USE_REBASE_TRUE=''
GTK_PREFIX=''
HAVE_GTK_DOC_FALSE=''
HAVE_GTK_DOC_TRUE=''
HAVE_INTROSPECTION_FALSE=''
HAVE_INTROSPECTION_TRUE=''
HTML_DIR=''
INSTALLED_TESTS_FALSE=''
INSTALLED_TESTS_TRUE=''
INSTALL_DATA='${INSTALL} -m 644'
INSTALL_PROGRAM='${INSTALL}'
INSTALL_SCRIPT='${INSTALL}'
INSTALL_STRIP_PROGRAM='$(install_sh) -c -s'
INTLLIBS=''
INTL_MACOSX_LIBS=''
INTROSPECTION_CFLAGS=''
INTROSPECTION_COMPILER=''
INTROSPECTION_GENERATE=''
INTROSPECTION_GIRDIR=''
INTROSPECTION_LIBS=''
INTROSPECTION_MAKEFILE=''
INTROSPECTION_SCANNER=''
INTROSPECTION_TYPELIBDIR=''
ITSTOOL='/usr/bin/itstool'
LCOV=''
LD='/usr/bin/ld -m elf_x86_64'
LDFLAGS=''
LIBICONV=''
LIBINTL=''
LIBOBJS=''
LIBS=''
LIBTOOL='$(SHELL) $(top_builddir)/libtool'
LIPO=''
LN_S='ln -s'
LTLIBICONV=''
LTLIBINTL=''
LTLIBOBJS=''
LT_SYS_LIBRARY_PATH=''
MAINT=''
MAINTAINER_MODE_FALSE='#'
MAINTAINER_MODE_TRUE=''
MAKEINFO='${SHELL} /media/LinuxData/Development64/GithubProjects/LFSPkgBuilds/LFSPkgBuildScripts/gtk/gtksourceview3/gtksourceview-3.19.1/missing makeinfo'
MANIFEST_TOOL=':'
MKDIR_P='/bin//mkdir -p'
MSGFMT=''
MSGFMT_015=''
MSGMERGE=''
NM='/usr/bin/nm -B'
NMEDIT=''
OBJDUMP='objdump'
OBJEXT='o'
OS_OSX_FALSE=''
OS_OSX_TRUE=''
OTOOL64=''
OTOOL=''
PACKAGE='gtksourceview'
PACKAGE_BUGREPORT='http://bugzilla.gnome.org/enter_bug.cgi?product=gtksourceview'
PACKAGE_NAME='gtksourceview'
PACKAGE_STRING='gtksourceview 3.19.1'
PACKAGE_TARNAME='gtksourceview'
PACKAGE_URL='https://wiki.gnome.org/Projects/GtkSourceView'
PACKAGE_VERSION='3.19.1'
PANGO_PREFIX=''
PATH_SEPARATOR=':'
PKG_CONFIG='/usr/bin/pkg-config'
PKG_CONFIG_LIBDIR=''
PKG_CONFIG_PATH=''
POSUB=''
RANLIB='ranlib'
SED='/bin//sed'
SET_MAKE=''
SHELL='/bin/sh'
STRIP='strip'
USE_NLS=''
VAPIGEN=''
VAPIGEN_MAKEFILE=''
VAPIGEN_VAPIDIR=''
VERSION='3.19.1'
WARN_CFLAGS='-fno-strict-aliasing -Wall -Wextra -Wundef -Wnested-externs -Wwrite-strings -Wpointer-arith -Wmissing-declarations -Wmissing-prototypes -Wstrict-prototypes -Wredundant-decls -Wno-unused-parameter -Wno-missing-field-initializers -Wdeclaration-after-statement -Wformat=2 -Wold-style-definition -Wcast-align -Wformat-nonliteral -Wformat-security -Wsign-compare -Wstrict-aliasing -Wshadow -Winline -Wpacked -Wmissing-format-attribute -Wmissing-noreturn -Winit-self -Wmissing-include-dirs -Wunused-but-set-variable -Warray-bounds -Wimplicit-function-declaration -Wreturn-type -Wswitch-enum -Wswitch-default -Wno-error=unused-parameter -Wno-error=missing-field-initializers'
WARN_LDFLAGS='-Wl,--no-as-needed'
WARN_SCANNERFLAGS='              --warn-all                                                             '
XGETTEXT=''
XGETTEXT_015=''
XGETTEXT_EXTRA_OPTIONS=''
ac_ct_AR='ar'
ac_ct_CC='gcc'
ac_ct_DUMPBIN=''
am__EXEEXT_FALSE=''
am__EXEEXT_TRUE=''
am__fastdepCC_FALSE='#'
am__fastdepCC_TRUE=''
am__include='include'
am__isrc=''
am__leading_dot='.'
am__nodep='_no'
am__quote=''
am__tar='tar --format=ustar -chf - "$$tardir"'
am__untar='tar -xf -'
bindir='${exec_prefix}/bin'
build='x86_64-unknown-linux-gnu'
build_alias=''
build_cpu='x86_64'
build_os='linux-gnu'
build_vendor='unknown'
datadir='${datarootdir}'
datarootdir='${prefix}/share'
docdir='${datarootdir}/doc/${PACKAGE_TARNAME}'
dvidir='${docdir}'
exec_prefix='NONE'
host='x86_64-unknown-linux-gnu'
host_alias=''
host_cpu='x86_64'
host_os='linux-gnu'
host_vendor='unknown'
htmldir='${docdir}'
includedir='${prefix}/include'
infodir='${datarootdir}/info'
install_sh='${SHELL} /media/LinuxData/Development64/GithubProjects/LFSPkgBuilds/LFSPkgBuildScripts/gtk/gtksourceview3/gtksourceview-3.19.1/install-sh'
libdir='/usr/lib64'
libexecdir='/usr/libexec'
localedir='${datarootdir}/locale'
localstatedir='${prefix}/var'
mandir='${datarootdir}/man'
mkdir_p='$(MKDIR_P)'
oldincludedir='/usr/include'
pdfdir='${docdir}'
pkgconfigdir='${libdir}/pkgconfig'
prefix='/usr'
program_transform_name='s,x,x,'
psdir='${docdir}'
sbindir='${exec_prefix}/sbin'
sharedstatedir='${prefix}/com'
sysconfdir='/etc'
target_alias=''

## ----------- ##
## confdefs.h. ##
## ----------- ##

/* confdefs.h */
#define PACKAGE_NAME "gtksourceview"
#define PACKAGE_TARNAME "gtksourceview"
#define PACKAGE_VERSION "3.19.1"
#define PACKAGE_STRING "gtksourceview 3.19.1"
#define PACKAGE_BUGREPORT "http://bugzilla.gnome.org/enter_bug.cgi?product=gtksourceview"
#define PACKAGE_URL "https://wiki.gnome.org/Projects/GtkSourceView"
#define PACKAGE "gtksourceview"
#define VERSION "3.19.1"
#define STDC_HEADERS 1
#define HAVE_SYS_TYPES_H 1
#define HAVE_SYS_STAT_H 1
#define HAVE_STDLIB_H 1
#define HAVE_STRING_H 1
#define HAVE_MEMORY_H 1
#define HAVE_STRINGS_H 1
#define HAVE_INTTYPES_H 1
#define HAVE_STDINT_H 1
#define HAVE_UNISTD_H 1
#define HAVE_DLFCN_H 1
#define LT_OBJDIR ".libs/"
#define HAVE_UNISTD_H 1

configure: exit 1
